Using pre-set license
Built from '2020.2/release' branch; Version is '2020.2.0f1 (3721df5a8b28) revision 3613151'; Using compiler version '192528614'; Build Type 'Release'
OS: 'Windows 10  (10.0.0) 64bit' Language: 'ru' Physical Memory: 8090 MB
BatchMode: 1, IsHumanControllingUs: 0, StartBugReporterOnCrash: 0, Is64bit: 1, IsPro: 0

 COMMAND LINE ARGUMENTS:
D:\Unityar\2020.2.0f1\Editor\Unity.exe
-adb2
-batchMode
-noUpm
-name
AssetImportWorker0
-projectPath
D:/My directory/UnityGames/HelixJump/HelixJump
-logFile
Logs/AssetImportWorker0.log
-srvPort
53554
Successfully changed project path to: D:/My directory/UnityGames/HelixJump/HelixJump
D:/My directory/UnityGames/HelixJump/HelixJump
Using Asset Import Pipeline V2.
Refreshing native plugins compatible for Editor in 36.39 ms, found 0 plugins.
Preloading 0 native plugins for Editor in 0.00 ms.
Initialize engine version: 2020.2.0f1 (3721df5a8b28)
[Subsystems] Discovering subsystems at path D:/Unityar/2020.2.0f1/Editor/Data/Resources/UnitySubsystems
[Subsystems] Discovering subsystems at path D:/My directory/UnityGames/HelixJump/HelixJump/Assets
GfxDevice: creating device client; threaded=0
Direct3D:
    Version:  Direct3D 11.0 [level 11.0]
    Renderer: NVIDIA GeForce GTX 960M (ID=0x139b)
    Vendor:   
    VRAM:     2010 MB
    Driver:   27.21.14.6089
Initialize mono
Mono path[0] = 'D:/Unityar/2020.2.0f1/Editor/Data/Managed'
Mono path[1] = 'D:/Unityar/2020.2.0f1/Editor/Data/MonoBleedingEdge/lib/mono/unityjit'
Mono config path = 'D:/Unityar/2020.2.0f1/Editor/Data/MonoBleedingEdge/etc'
Using monoOptions --debugger-agent=transport=dt_socket,embedding=1,server=y,suspend=n,address=127.0.0.1:56056
Begin MonoManager ReloadAssembly
Registering precompiled unity dll's ...
Register platform support module: D:/Unityar/2020.2.0f1/Editor/Data/PlaybackEngines/WindowsStandaloneSupport/UnityEditor.WindowsStandalone.Extensions.dll
Register platform support module: D:/Unityar/2020.2.0f1/Editor/Data/PlaybackEngines/LinuxStandaloneSupport/UnityEditor.LinuxStandalone.Extensions.dll
Registered in 0.001891 seconds.
Native extension for LinuxStandalone target not found
Native extension for WindowsStandalone target not found
Refreshing native plugins compatible for Editor in 38.63 ms, found 0 plugins.
Preloading 0 native plugins for Editor in 0.00 ms.
Invoked RoslynAnalysisRunner static constructor.
RoslynAnalysisRunner will not be running.
RoslynAnalysisRunner has terminated.
Mono: successfully reloaded assembly
- Completed reload, in  2.681 seconds
Platform modules already initialized, skipping
Registering precompiled user dll's ...
Registered in 0.000749 seconds.
Begin MonoManager ReloadAssembly
Error: Could not load signature of Unity.Android.Logcat.AndroidLogcat:.ctor due to: Could not load file or assembly 'UnityEditor.Android.Extensions, Version=1.0.0.0, Culture=neutral, PublicKeyToken=null' or one of its dependencies. assembly:UnityEditor.Android.Extensions, Version=1.0.0.0, Culture=neutral, PublicKeyToken=null type:<unknown type> member:(null) signature:<none>

Unloading broken assembly Library/ScriptAssemblies/Unity.Mobile.AndroidLogcat.Editor.dll, this assembly can cause crashes in the runtime

Native extension for LinuxStandalone target not found
Native extension for WindowsStandalone target not found
Refreshing native plugins compatible for Editor in 0.71 ms, found 0 plugins.
Preloading 0 native plugins for Editor in 0.00 ms.
Invoked RoslynAnalysisRunner static constructor.
RoslynAnalysisRunner will not be running.
RoslynAnalysisRunner has terminated.
Mono: successfully reloaded assembly
- Completed reload, in  1.276 seconds
Platform modules already initialized, skipping
========================================================================
Worker process is ready to serve import requests
Launched and connected shader compiler UnityShaderCompiler.exe after 0.08 seconds
Refreshing native plugins compatible for Editor in 0.46 ms, found 0 plugins.
Preloading 0 native plugins for Editor in 0.00 ms.
Unloading 1204 Unused Serialized files (Serialized files now loaded: 0)
System memory in use before: 59.4 MB.
System memory in use after: 59.5 MB.

Unloading 22 unused Assets to reduce memory usage. Loaded Objects now: 1632.
Total: 2.330000 ms (FindLiveObjects: 0.133600 ms CreateObjectMapping: 0.071900 ms MarkObjects: 2.033900 ms  DeleteObjects: 0.089100 ms)

========================================================================
Received Import Request.
  path: Assets/Prefabs/Platforms/SpawnPlatform.prefab
  artifactKey: Guid(2f24f2efb095cb64997be99ccc5b9431) Importer(815301076,1909f56bfc062723c751e8b465ee728b)
Start importing Assets/Prefabs/Platforms/SpawnPlatform.prefab using Guid(2f24f2efb095cb64997be99ccc5b9431) Importer(815301076,1909f56bfc062723c751e8b465ee728b)  -> (artifact id: '748bae87941b248f3f84935c7f3a4407') in 0.160562 seconds
  Import took 0.163340 seconds .

========================================================================
Received Import Request.
  Time since last request: 12.314443 seconds.
  path: Assets/Prefabs/Platforms/Platform.prefab
  artifactKey: Guid(81311c936561c1c4fa78748864782c4c) Importer(815301076,1909f56bfc062723c751e8b465ee728b)
Start importing Assets/Prefabs/Platforms/Platform.prefab using Guid(81311c936561c1c4fa78748864782c4c) Importer(815301076,1909f56bfc062723c751e8b465ee728b)  -> (artifact id: '4a48259bb07e78d066b6ad7de223f70c') in 0.012404 seconds
  Import took 0.055309 seconds .

========================================================================
Received Prepare
Registering precompiled user dll's ...
Registered in 0.000835 seconds.
Begin MonoManager ReloadAssembly
Error: Could not load signature of Unity.Android.Logcat.AndroidLogcat:.ctor due to: Could not load file or assembly 'UnityEditor.Android.Extensions, Version=1.0.0.0, Culture=neutral, PublicKeyToken=null' or one of its dependencies. assembly:UnityEditor.Android.Extensions, Version=1.0.0.0, Culture=neutral, PublicKeyToken=null type:<unknown type> member:(null) signature:<none>

Unloading broken assembly Library/ScriptAssemblies/Unity.Mobile.AndroidLogcat.Editor.dll, this assembly can cause crashes in the runtime

Native extension for LinuxStandalone target not found
Native extension for WindowsStandalone target not found
Refreshing native plugins compatible for Editor in 0.34 ms, found 0 plugins.
Preloading 0 native plugins for Editor in 0.00 ms.
Invoked RoslynAnalysisRunner static constructor.
RoslynAnalysisRunner will not be running.
RoslynAnalysisRunner has terminated.
Mono: successfully reloaded assembly
- Completed reload, in  1.143 seconds
Platform modules already initialized, skipping
Refreshing native plugins compatible for Editor in 0.40 ms, found 0 plugins.
Preloading 0 native plugins for Editor in 0.00 ms.
Unloading 1200 Unused Serialized files (Serialized files now loaded: 0)
System memory in use before: 62.7 MB.
System memory in use after: 62.8 MB.

Unloading 17 unused Assets to reduce memory usage. Loaded Objects now: 1642.
Total: 2.199300 ms (FindLiveObjects: 0.211300 ms CreateObjectMapping: 0.089200 ms MarkObjects: 1.863900 ms  DeleteObjects: 0.032400 ms)

========================================================================
Received Prepare
Registering precompiled user dll's ...
Registered in 0.001318 seconds.
Begin MonoManager ReloadAssembly
Error: Could not load signature of Unity.Android.Logcat.AndroidLogcat:.ctor due to: Could not load file or assembly 'UnityEditor.Android.Extensions, Version=1.0.0.0, Culture=neutral, PublicKeyToken=null' or one of its dependencies. assembly:UnityEditor.Android.Extensions, Version=1.0.0.0, Culture=neutral, PublicKeyToken=null type:<unknown type> member:(null) signature:<none>

Unloading broken assembly Library/ScriptAssemblies/Unity.Mobile.AndroidLogcat.Editor.dll, this assembly can cause crashes in the runtime

Native extension for LinuxStandalone target not found
Native extension for WindowsStandalone target not found
Refreshing native plugins compatible for Editor in 0.33 ms, found 0 plugins.
Preloading 0 native plugins for Editor in 0.00 ms.
Invoked RoslynAnalysisRunner static constructor.
RoslynAnalysisRunner will not be running.
RoslynAnalysisRunner has terminated.
Mono: successfully reloaded assembly
- Completed reload, in  1.079 seconds
Platform modules already initialized, skipping
Refreshing native plugins compatible for Editor in 0.36 ms, found 0 plugins.
Preloading 0 native plugins for Editor in 0.00 ms.
Unloading 1201 Unused Serialized files (Serialized files now loaded: 0)
System memory in use before: 62.9 MB.
System memory in use after: 63.0 MB.

Unloading 17 unused Assets to reduce memory usage. Loaded Objects now: 1644.
Total: 2.201900 ms (FindLiveObjects: 0.203300 ms CreateObjectMapping: 0.052600 ms MarkObjects: 1.884200 ms  DeleteObjects: 0.060500 ms)

========================================================================
Received Prepare
Registering precompiled user dll's ...
Registered in 0.000844 seconds.
Begin MonoManager ReloadAssembly
Error: Could not load signature of Unity.Android.Logcat.AndroidLogcat:.ctor due to: Could not load file or assembly 'UnityEditor.Android.Extensions, Version=1.0.0.0, Culture=neutral, PublicKeyToken=null' or one of its dependencies. assembly:UnityEditor.Android.Extensions, Version=1.0.0.0, Culture=neutral, PublicKeyToken=null type:<unknown type> member:(null) signature:<none>

Unloading broken assembly Library/ScriptAssemblies/Unity.Mobile.AndroidLogcat.Editor.dll, this assembly can cause crashes in the runtime

Native extension for LinuxStandalone target not found
Native extension for WindowsStandalone target not found
Refreshing native plugins compatible for Editor in 0.33 ms, found 0 plugins.
Preloading 0 native plugins for Editor in 0.00 ms.
Invoked RoslynAnalysisRunner static constructor.
RoslynAnalysisRunner will not be running.
RoslynAnalysisRunner has terminated.
Mono: successfully reloaded assembly
- Completed reload, in  0.992 seconds
Platform modules already initialized, skipping
Refreshing native plugins compatible for Editor in 0.40 ms, found 0 plugins.
Preloading 0 native plugins for Editor in 0.00 ms.
Unloading 1201 Unused Serialized files (Serialized files now loaded: 0)
System memory in use before: 63.0 MB.
System memory in use after: 63.1 MB.

Unloading 17 unused Assets to reduce memory usage. Loaded Objects now: 1646.
Total: 2.940900 ms (FindLiveObjects: 0.468100 ms CreateObjectMapping: 0.051200 ms MarkObjects: 2.391700 ms  DeleteObjects: 0.028000 ms)

========================================================================
Received Prepare
Registering precompiled user dll's ...
Registered in 0.000865 seconds.
Begin MonoManager ReloadAssembly
Error: Could not load signature of Unity.Android.Logcat.AndroidLogcat:.ctor due to: Could not load file or assembly 'UnityEditor.Android.Extensions, Version=1.0.0.0, Culture=neutral, PublicKeyToken=null' or one of its dependencies. assembly:UnityEditor.Android.Extensions, Version=1.0.0.0, Culture=neutral, PublicKeyToken=null type:<unknown type> member:(null) signature:<none>

Unloading broken assembly Library/ScriptAssemblies/Unity.Mobile.AndroidLogcat.Editor.dll, this assembly can cause crashes in the runtime

Native extension for LinuxStandalone target not found
Native extension for WindowsStandalone target not found
Refreshing native plugins compatible for Editor in 0.33 ms, found 0 plugins.
Preloading 0 native plugins for Editor in 0.00 ms.
Invoked RoslynAnalysisRunner static constructor.
RoslynAnalysisRunner will not be running.
RoslynAnalysisRunner has terminated.
Mono: successfully reloaded assembly
- Completed reload, in  1.092 seconds
Platform modules already initialized, skipping
Refreshing native plugins compatible for Editor in 0.57 ms, found 0 plugins.
Preloading 0 native plugins for Editor in 0.00 ms.
Unloading 1201 Unused Serialized files (Serialized files now loaded: 0)
System memory in use before: 63.2 MB.
System memory in use after: 63.3 MB.

Unloading 17 unused Assets to reduce memory usage. Loaded Objects now: 1648.
Total: 2.251700 ms (FindLiveObjects: 0.146400 ms CreateObjectMapping: 0.087500 ms MarkObjects: 1.995300 ms  DeleteObjects: 0.020700 ms)

========================================================================
Received Import Request.
  Time since last request: 218.514243 seconds.
  path: Assets/Scripts/Tower/TowerRotator.cs
  artifactKey: Guid(8c67910cd4a2f1e428218595284c4872) Importer(815301076,1909f56bfc062723c751e8b465ee728b)
Start importing Assets/Scripts/Tower/TowerRotator.cs using Guid(8c67910cd4a2f1e428218595284c4872) Importer(815301076,1909f56bfc062723c751e8b465ee728b)  -> (artifact id: '00b882a70562aca6dfeb725d175b1220') in 0.716773 seconds
  Import took 0.931334 seconds .

========================================================================
Received Import Request.
  Time since last request: 0.610731 seconds.
  path: Assets/Scripts/Tower/TowerBuilder.cs
  artifactKey: Guid(27b9e08ba764ee5448cd5293f9103aeb) Importer(815301076,1909f56bfc062723c751e8b465ee728b)
Start importing Assets/Scripts/Tower/TowerBuilder.cs using Guid(27b9e08ba764ee5448cd5293f9103aeb) Importer(815301076,1909f56bfc062723c751e8b465ee728b)  -> (artifact id: 'a1a190aecf3c29511561fc101cb36b8f') in 0.001969 seconds
  Import took 0.159428 seconds .

========================================================================
Received Prepare
Registering precompiled user dll's ...
Registered in 0.000697 seconds.
Begin MonoManager ReloadAssembly
Error: Could not load signature of Unity.Android.Logcat.AndroidLogcat:.ctor due to: Could not load file or assembly 'UnityEditor.Android.Extensions, Version=1.0.0.0, Culture=neutral, PublicKeyToken=null' or one of its dependencies. assembly:UnityEditor.Android.Extensions, Version=1.0.0.0, Culture=neutral, PublicKeyToken=null type:<unknown type> member:(null) signature:<none>

Unloading broken assembly Library/ScriptAssemblies/Unity.Mobile.AndroidLogcat.Editor.dll, this assembly can cause crashes in the runtime

Native extension for LinuxStandalone target not found
Native extension for WindowsStandalone target not found
Refreshing native plugins compatible for Editor in 0.63 ms, found 0 plugins.
Preloading 0 native plugins for Editor in 0.00 ms.
Invoked RoslynAnalysisRunner static constructor.
RoslynAnalysisRunner will not be running.
RoslynAnalysisRunner has terminated.
Mono: successfully reloaded assembly
- Completed reload, in  1.172 seconds
Platform modules already initialized, skipping
Refreshing native plugins compatible for Editor in 0.40 ms, found 0 plugins.
Preloading 0 native plugins for Editor in 0.00 ms.
Unloading 1201 Unused Serialized files (Serialized files now loaded: 0)
System memory in use before: 63.4 MB.
System memory in use after: 63.5 MB.

Unloading 17 unused Assets to reduce memory usage. Loaded Objects now: 1650.
Total: 3.979600 ms (FindLiveObjects: 0.458600 ms CreateObjectMapping: 0.039500 ms MarkObjects: 3.392300 ms  DeleteObjects: 0.086700 ms)

========================================================================
Received Import Request.
  Time since last request: 104.636906 seconds.
  path: Assets/Scripts/Ball/Ball.cs
  artifactKey: Guid(81cc9f93bdfc2f44c8efcaf9d6a9ae50) Importer(815301076,1909f56bfc062723c751e8b465ee728b)
Start importing Assets/Scripts/Ball/Ball.cs using Guid(81cc9f93bdfc2f44c8efcaf9d6a9ae50) Importer(815301076,1909f56bfc062723c751e8b465ee728b)  -> (artifact id: '7ab18455cfe6a92032290402e99c2f2a') in 0.005419 seconds
  Import took 0.039428 seconds .

========================================================================
Received Import Request.
  Time since last request: 0.561214 seconds.
  path: Assets/Scripts/Ball/BallJumper.cs
  artifactKey: Guid(3946bd800f818f1438c974ebd222115f) Importer(815301076,1909f56bfc062723c751e8b465ee728b)
Start importing Assets/Scripts/Ball/BallJumper.cs using Guid(3946bd800f818f1438c974ebd222115f) Importer(815301076,1909f56bfc062723c751e8b465ee728b)  -> (artifact id: '0b7c3776d25a3dbbd1aa83b8c40222e0') in 0.002158 seconds
  Import took 0.020114 seconds .

========================================================================
Received Import Request.
  Time since last request: 9.545200 seconds.
  path: Assets/Scripts/Platforms/FinishPlatform.cs
  artifactKey: Guid(95c7ca59c9a7edc46a16991f68025db0) Importer(815301076,1909f56bfc062723c751e8b465ee728b)
Start importing Assets/Scripts/Platforms/FinishPlatform.cs using Guid(95c7ca59c9a7edc46a16991f68025db0) Importer(815301076,1909f56bfc062723c751e8b465ee728b)  -> (artifact id: '9e2e79454b47d1cd0eed29445cdd1ae1') in 0.002221 seconds
  Import took 0.025608 seconds .

========================================================================
Received Import Request.
  Time since last request: 0.001401 seconds.
  path: Assets/Scripts/Platforms/FinishPlatform.cs
  artifactKey: Guid(95c7ca59c9a7edc46a16991f68025db0) Importer(815301076,1909f56bfc062723c751e8b465ee728b)
Start importing Assets/Scripts/Platforms/FinishPlatform.cs using Guid(95c7ca59c9a7edc46a16991f68025db0) Importer(815301076,1909f56bfc062723c751e8b465ee728b)  -> (artifact id: '9e2e79454b47d1cd0eed29445cdd1ae1') in 0.002051 seconds
  Import took 0.014129 seconds .

========================================================================
Received Import Request.
  Time since last request: 0.535441 seconds.
  path: Assets/Scripts/Platforms/PlatformSegment.cs
  artifactKey: Guid(ae7da019352584f4486f8aec7f2b5225) Importer(815301076,1909f56bfc062723c751e8b465ee728b)
Start importing Assets/Scripts/Platforms/PlatformSegment.cs using Guid(ae7da019352584f4486f8aec7f2b5225) Importer(815301076,1909f56bfc062723c751e8b465ee728b)  -> (artifact id: 'f8c735aaa63a451b2ec71a3f4ccc476b') in 0.002268 seconds
  Import took 0.026143 seconds .

========================================================================
Received Import Request.
  Time since last request: 0.001189 seconds.
  path: Assets/Scripts/Platforms/PlatformSegment.cs
  artifactKey: Guid(ae7da019352584f4486f8aec7f2b5225) Importer(815301076,1909f56bfc062723c751e8b465ee728b)
Start importing Assets/Scripts/Platforms/PlatformSegment.cs using Guid(ae7da019352584f4486f8aec7f2b5225) Importer(815301076,1909f56bfc062723c751e8b465ee728b)  -> (artifact id: 'f8c735aaa63a451b2ec71a3f4ccc476b') in 0.002885 seconds
  Import took 0.005978 seconds .

========================================================================
Received Import Request.
  Time since last request: 6.864115 seconds.
  path: Assets/Scripts/BallTracking.cs
  artifactKey: Guid(a815f0f5cf90e184e88742a679d40010) Importer(815301076,1909f56bfc062723c751e8b465ee728b)
Start importing Assets/Scripts/BallTracking.cs using Guid(a815f0f5cf90e184e88742a679d40010) Importer(815301076,1909f56bfc062723c751e8b465ee728b)  -> (artifact id: '4e9d3a0e71aba85f077a50531612fd40') in 0.001978 seconds
  Import took 0.026697 seconds .

========================================================================
Received Import Request.
  Time since last request: 0.384511 seconds.
  path: Assets/Scripts/Beam.cs
  artifactKey: Guid(87c822cd2291b54448f6aeaf254f413c) Importer(815301076,1909f56bfc062723c751e8b465ee728b)
Start importing Assets/Scripts/Beam.cs using Guid(87c822cd2291b54448f6aeaf254f413c) Importer(815301076,1909f56bfc062723c751e8b465ee728b)  -> (artifact id: '8fa5cee426c392bcda3882c470698124') in 0.002473 seconds
  Import took 0.028008 seconds .

========================================================================
Received Prepare
Registering precompiled user dll's ...
Registered in 0.000956 seconds.
Begin MonoManager ReloadAssembly
Error: Could not load signature of Unity.Android.Logcat.AndroidLogcat:.ctor due to: Could not load file or assembly 'UnityEditor.Android.Extensions, Version=1.0.0.0, Culture=neutral, PublicKeyToken=null' or one of its dependencies. assembly:UnityEditor.Android.Extensions, Version=1.0.0.0, Culture=neutral, PublicKeyToken=null type:<unknown type> member:(null) signature:<none>

Unloading broken assembly Library/ScriptAssemblies/Unity.Mobile.AndroidLogcat.Editor.dll, this assembly can cause crashes in the runtime

Native extension for LinuxStandalone target not found
Native extension for WindowsStandalone target not found
Refreshing native plugins compatible for Editor in 0.51 ms, found 0 plugins.
Preloading 0 native plugins for Editor in 0.00 ms.
Invoked RoslynAnalysisRunner static constructor.
RoslynAnalysisRunner will not be running.
RoslynAnalysisRunner has terminated.
Mono: successfully reloaded assembly
- Completed reload, in  1.011 seconds
Platform modules already initialized, skipping
Refreshing native plugins compatible for Editor in 0.40 ms, found 0 plugins.
Preloading 0 native plugins for Editor in 0.00 ms.
Unloading 1201 Unused Serialized files (Serialized files now loaded: 0)
System memory in use before: 63.5 MB.
System memory in use after: 63.6 MB.

Unloading 17 unused Assets to reduce memory usage. Loaded Objects now: 1652.
Total: 2.182400 ms (FindLiveObjects: 0.151900 ms CreateObjectMapping: 0.037400 ms MarkObjects: 1.971800 ms  DeleteObjects: 0.019800 ms)

========================================================================
Received Import Request.
  Time since last request: 510.688186 seconds.
  path: Assets/Materials
  artifactKey: Guid(9977e1305e0f7e8419e8cd42a5c3f615) Importer(815301076,1909f56bfc062723c751e8b465ee728b)
Start importing Assets/Materials using Guid(9977e1305e0f7e8419e8cd42a5c3f615) Importer(815301076,1909f56bfc062723c751e8b465ee728b)  -> (artifact id: 'c13e6a37ffdef59750a7ac4749c92c0f') in 0.010936 seconds
  Import took 0.041947 seconds .

========================================================================
Received Import Request.
  Time since last request: 10.524961 seconds.
  path: Assets/Materials/Beam.mat
  artifactKey: Guid(2c13702bd6bdaf14eb8ae2c03398812a) Importer(815301076,1909f56bfc062723c751e8b465ee728b)
Start importing Assets/Materials/Beam.mat using Guid(2c13702bd6bdaf14eb8ae2c03398812a) Importer(815301076,1909f56bfc062723c751e8b465ee728b)  -> (artifact id: '3b7360e0d8ed39ac4d50ffce7f0ff51f') in 0.514734 seconds
  Import took 0.660521 seconds .

========================================================================
Received Import Request.
  Time since last request: 24.916096 seconds.
  path: Assets/Materials/Ball.mat
  artifactKey: Guid(13e6b88efbc9754419a2816b25592597) Importer(815301076,1909f56bfc062723c751e8b465ee728b)
Start importing Assets/Materials/Ball.mat using Guid(13e6b88efbc9754419a2816b25592597) Importer(815301076,1909f56bfc062723c751e8b465ee728b)  -> (artifact id: '12a13f836f0428cf2d1ed3c80c0c5995') in 0.018109 seconds
  Import took 0.039854 seconds .

========================================================================
Received Import Request.
  Time since last request: 10.270249 seconds.
  path: Assets/Materials/Platform.mat
  artifactKey: Guid(f3f76668d2fcf9a4abd4f0a2a279ccf5) Importer(815301076,1909f56bfc062723c751e8b465ee728b)
Start importing Assets/Materials/Platform.mat using Guid(f3f76668d2fcf9a4abd4f0a2a279ccf5) Importer(815301076,1909f56bfc062723c751e8b465ee728b)  -> (artifact id: '0a647fd873b60c5d6b0a9752ea5f32f4') in 0.011651 seconds
  Import took 0.017450 seconds .

========================================================================
Received Import Request.
  Time since last request: 53.970173 seconds.
  path: Assets/Models/60degrees.fbx
  artifactKey: Guid(07b081d39ecd1bb4ebc1b8a9cc2b556f) Importer(815301076,1909f56bfc062723c751e8b465ee728b)
Start importing Assets/Models/60degrees.fbx using Guid(07b081d39ecd1bb4ebc1b8a9cc2b556f) Importer(815301076,1909f56bfc062723c751e8b465ee728b)  -> (artifact id: '37f8ab3649fdb4d2bddeaef31e68c1d5') in 0.145651 seconds
  Import took 0.170475 seconds .

========================================================================
Received Import Request.
  Time since last request: 9.262581 seconds.
  path: Assets/Models/90degrees.fbx
  artifactKey: Guid(695e309f8102ef64786cc1fce30d7783) Importer(815301076,1909f56bfc062723c751e8b465ee728b)
Start importing Assets/Models/90degrees.fbx using Guid(695e309f8102ef64786cc1fce30d7783) Importer(815301076,1909f56bfc062723c751e8b465ee728b)  -> (artifact id: '136e862cea318bbf4eb6d3dea933b533') in 0.021891 seconds
  Import took 0.039168 seconds .

========================================================================
Received Import Request.
  Time since last request: 0.004595 seconds.
  path: Assets/Models/90degrees.fbx
  artifactKey: Guid(695e309f8102ef64786cc1fce30d7783) Importer(815301076,1909f56bfc062723c751e8b465ee728b)
Start importing Assets/Models/90degrees.fbx using Guid(695e309f8102ef64786cc1fce30d7783) Importer(815301076,1909f56bfc062723c751e8b465ee728b)  -> (artifact id: '136e862cea318bbf4eb6d3dea933b533') in 0.017224 seconds
  Import took 0.020932 seconds .

========================================================================
Received Import Request.
  Time since last request: 3.748219 seconds.
  path: Assets/Prefabs/Platforms/FinishPlatform.prefab
  artifactKey: Guid(d1eb9154f403cef45a62a124b244c03b) Importer(815301076,1909f56bfc062723c751e8b465ee728b)
Start importing Assets/Prefabs/Platforms/FinishPlatform.prefab using Guid(d1eb9154f403cef45a62a124b244c03b) Importer(815301076,1909f56bfc062723c751e8b465ee728b)  -> (artifact id: 'dc2af11010c842f0f89041a889cfffc7') in 0.012033 seconds
  Import took 0.027738 seconds .

========================================================================
Received Import Request.
  Time since last request: 0.000461 seconds.
  path: Assets/Prefabs/Platforms/SpawnPlatform.prefab
  artifactKey: Guid(2f24f2efb095cb64997be99ccc5b9431) Importer(815301076,1909f56bfc062723c751e8b465ee728b)
Start importing Assets/Prefabs/Platforms/SpawnPlatform.prefab using Guid(2f24f2efb095cb64997be99ccc5b9431) Importer(815301076,1909f56bfc062723c751e8b465ee728b)  -> (artifact id: '37c440b7b18a9da02e5136e22f313d2f') in 0.030385 seconds
  Import took 0.033146 seconds .

========================================================================
Received Import Request.
  Time since last request: 0.000484 seconds.
  path: Assets/Prefabs/Platforms/Platform.prefab
  artifactKey: Guid(81311c936561c1c4fa78748864782c4c) Importer(815301076,1909f56bfc062723c751e8b465ee728b)
Start importing Assets/Prefabs/Platforms/Platform.prefab using Guid(81311c936561c1c4fa78748864782c4c) Importer(815301076,1909f56bfc062723c751e8b465ee728b)  -> (artifact id: 'a79f2161d889258f0ff307a86100a3e6') in 0.040760 seconds
  Import took 0.044464 seconds .

========================================================================
Received Import Request.
  Time since last request: 30.337171 seconds.
  path: Assets/Prefabs/Platforms/Platform.prefab
  artifactKey: Guid(81311c936561c1c4fa78748864782c4c) Importer(815301076,1909f56bfc062723c751e8b465ee728b)
Start importing Assets/Prefabs/Platforms/Platform.prefab using Guid(81311c936561c1c4fa78748864782c4c) Importer(815301076,1909f56bfc062723c751e8b465ee728b)  -> (artifact id: 'ff84d6e124eb7de5da50b8e1a6c11779') in 0.012549 seconds
  Import took 0.020564 seconds .

========================================================================
Received Import Request.
  Time since last request: 6.100461 seconds.
  path: Assets/Prefabs/Platforms/Platform.prefab
  artifactKey: Guid(81311c936561c1c4fa78748864782c4c) Importer(815301076,1909f56bfc062723c751e8b465ee728b)
Start importing Assets/Prefabs/Platforms/Platform.prefab using Guid(81311c936561c1c4fa78748864782c4c) Importer(815301076,1909f56bfc062723c751e8b465ee728b)  -> (artifact id: 'f326f3971f61df55964c955d69e8ed62') in 0.013528 seconds
  Import took 0.046162 seconds .

========================================================================
Received Prepare
Registering precompiled user dll's ...
Registered in 0.000821 seconds.
Begin MonoManager ReloadAssembly
Error: Could not load signature of Unity.Android.Logcat.AndroidLogcat:.ctor due to: Could not load file or assembly 'UnityEditor.Android.Extensions, Version=1.0.0.0, Culture=neutral, PublicKeyToken=null' or one of its dependencies. assembly:UnityEditor.Android.Extensions, Version=1.0.0.0, Culture=neutral, PublicKeyToken=null type:<unknown type> member:(null) signature:<none>

Unloading broken assembly Library/ScriptAssemblies/Unity.Mobile.AndroidLogcat.Editor.dll, this assembly can cause crashes in the runtime

Native extension for LinuxStandalone target not found
Native extension for WindowsStandalone target not found
Refreshing native plugins compatible for Editor in 0.35 ms, found 0 plugins.
Preloading 0 native plugins for Editor in 0.00 ms.
Invoked RoslynAnalysisRunner static constructor.
RoslynAnalysisRunner will not be running.
RoslynAnalysisRunner has terminated.
Mono: successfully reloaded assembly
- Completed reload, in  1.157 seconds
Platform modules already initialized, skipping
Refreshing native plugins compatible for Editor in 0.74 ms, found 0 plugins.
Preloading 0 native plugins for Editor in 0.00 ms.
Unloading 1201 Unused Serialized files (Serialized files now loaded: 0)
System memory in use before: 64.1 MB.
System memory in use after: 64.2 MB.

Unloading 17 unused Assets to reduce memory usage. Loaded Objects now: 1691.
Total: 3.200300 ms (FindLiveObjects: 0.394600 ms CreateObjectMapping: 0.137000 ms MarkObjects: 2.613400 ms  DeleteObjects: 0.051400 ms)

========================================================================
Received Import Request.
  Time since last request: 45.742711 seconds.
  path: Assets/Prefabs/Ball.prefab
  artifactKey: Guid(7688f6fd8173cc2419646a12a84f0669) Importer(815301076,1909f56bfc062723c751e8b465ee728b)
Start importing Assets/Prefabs/Ball.prefab using Guid(7688f6fd8173cc2419646a12a84f0669) Importer(815301076,1909f56bfc062723c751e8b465ee728b)  -> (artifact id: '2d5d1b131501df96d299aa41f41343c9') in 0.087696 seconds
  Import took 0.156166 seconds .

========================================================================
Received Import Request.
  Time since last request: 0.000417 seconds.
  path: Assets/Prefabs/Cylinder.prefab
  artifactKey: Guid(504a31ac72dc408439be04bb046d5577) Importer(815301076,1909f56bfc062723c751e8b465ee728b)
Start importing Assets/Prefabs/Cylinder.prefab using Guid(504a31ac72dc408439be04bb046d5577) Importer(815301076,1909f56bfc062723c751e8b465ee728b)  -> (artifact id: '3edc8f73ea40a78e0aa1a8641c3c0a9f') in 0.024185 seconds
  Import took 0.036588 seconds .

========================================================================
Received Import Request.
  Time since last request: 0.395817 seconds.
  path: Assets/Prefabs/Ball.prefab
  artifactKey: Guid(7688f6fd8173cc2419646a12a84f0669) Importer(815301076,1909f56bfc062723c751e8b465ee728b)
Start importing Assets/Prefabs/Ball.prefab using Guid(7688f6fd8173cc2419646a12a84f0669) Importer(815301076,1909f56bfc062723c751e8b465ee728b)  -> (artifact id: '2d5d1b131501df96d299aa41f41343c9') in 0.015906 seconds
  Import took 0.019117 seconds .

========================================================================
Received Prepare
Registering precompiled user dll's ...
Registered in 0.001191 seconds.
Begin MonoManager ReloadAssembly
Error: Could not load signature of Unity.Android.Logcat.AndroidLogcat:.ctor due to: Could not load file or assembly 'UnityEditor.Android.Extensions, Version=1.0.0.0, Culture=neutral, PublicKeyToken=null' or one of its dependencies. assembly:UnityEditor.Android.Extensions, Version=1.0.0.0, Culture=neutral, PublicKeyToken=null type:<unknown type> member:(null) signature:<none>

Unloading broken assembly Library/ScriptAssemblies/Unity.Mobile.AndroidLogcat.Editor.dll, this assembly can cause crashes in the runtime

Native extension for LinuxStandalone target not found
Native extension for WindowsStandalone target not found
Refreshing native plugins compatible for Editor in 0.42 ms, found 0 plugins.
Preloading 0 native plugins for Editor in 0.00 ms.
Invoked RoslynAnalysisRunner static constructor.
RoslynAnalysisRunner will not be running.
RoslynAnalysisRunner has terminated.
Mono: successfully reloaded assembly
- Completed reload, in  1.512 seconds
Platform modules already initialized, skipping
Refreshing native plugins compatible for Editor in 0.38 ms, found 0 plugins.
Preloading 0 native plugins for Editor in 0.00 ms.
Unloading 1201 Unused Serialized files (Serialized files now loaded: 0)
System memory in use before: 64.3 MB.
System memory in use after: 64.4 MB.

Unloading 17 unused Assets to reduce memory usage. Loaded Objects now: 1695.
Total: 5.182100 ms (FindLiveObjects: 0.342600 ms CreateObjectMapping: 0.116000 ms MarkObjects: 4.675400 ms  DeleteObjects: 0.045200 ms)

========================================================================
Received Prepare
Registering precompiled user dll's ...
Registered in 0.001109 seconds.
Begin MonoManager ReloadAssembly
Error: Could not load signature of Unity.Android.Logcat.AndroidLogcat:.ctor due to: Could not load file or assembly 'UnityEditor.Android.Extensions, Version=1.0.0.0, Culture=neutral, PublicKeyToken=null' or one of its dependencies. assembly:UnityEditor.Android.Extensions, Version=1.0.0.0, Culture=neutral, PublicKeyToken=null type:<unknown type> member:(null) signature:<none>

Unloading broken assembly Library/ScriptAssemblies/Unity.Mobile.AndroidLogcat.Editor.dll, this assembly can cause crashes in the runtime

Native extension for LinuxStandalone target not found
Native extension for WindowsStandalone target not found
Refreshing native plugins compatible for Editor in 0.53 ms, found 0 plugins.
Preloading 0 native plugins for Editor in 0.00 ms.
Invoked RoslynAnalysisRunner static constructor.
RoslynAnalysisRunner will not be running.
RoslynAnalysisRunner has terminated.
Mono: successfully reloaded assembly
- Completed reload, in  1.069 seconds
Platform modules already initialized, skipping
Refreshing native plugins compatible for Editor in 0.45 ms, found 0 plugins.
Preloading 0 native plugins for Editor in 0.00 ms.
Unloading 1201 Unused Serialized files (Serialized files now loaded: 0)
System memory in use before: 64.5 MB.
System memory in use after: 64.6 MB.

Unloading 17 unused Assets to reduce memory usage. Loaded Objects now: 1697.
Total: 2.388100 ms (FindLiveObjects: 0.356100 ms CreateObjectMapping: 0.124500 ms MarkObjects: 1.886900 ms  DeleteObjects: 0.019200 ms)

========================================================================
Received Prepare
Registering precompiled user dll's ...
Registered in 0.000762 seconds.
Begin MonoManager ReloadAssembly
Error: Could not load signature of Unity.Android.Logcat.AndroidLogcat:.ctor due to: Could not load file or assembly 'UnityEditor.Android.Extensions, Version=1.0.0.0, Culture=neutral, PublicKeyToken=null' or one of its dependencies. assembly:UnityEditor.Android.Extensions, Version=1.0.0.0, Culture=neutral, PublicKeyToken=null type:<unknown type> member:(null) signature:<none>

Unloading broken assembly Library/ScriptAssemblies/Unity.Mobile.AndroidLogcat.Editor.dll, this assembly can cause crashes in the runtime

Native extension for LinuxStandalone target not found
Native extension for WindowsStandalone target not found
Refreshing native plugins compatible for Editor in 0.71 ms, found 0 plugins.
Preloading 0 native plugins for Editor in 0.00 ms.
Invoked RoslynAnalysisRunner static constructor.
RoslynAnalysisRunner will not be running.
RoslynAnalysisRunner has terminated.
Mono: successfully reloaded assembly
- Completed reload, in  1.119 seconds
Platform modules already initialized, skipping
Refreshing native plugins compatible for Editor in 0.37 ms, found 0 plugins.
Preloading 0 native plugins for Editor in 0.00 ms.
Unloading 1201 Unused Serialized files (Serialized files now loaded: 0)
System memory in use before: 64.7 MB.
System memory in use after: 64.8 MB.

Unloading 17 unused Assets to reduce memory usage. Loaded Objects now: 1699.
Total: 2.484000 ms (FindLiveObjects: 0.241600 ms CreateObjectMapping: 0.069400 ms MarkObjects: 2.125700 ms  DeleteObjects: 0.045900 ms)

========================================================================
Received Import Request.
  Time since last request: 214.079436 seconds.
  path: Assets/Prefabs/Platforms/Platform.prefab
  artifactKey: Guid(81311c936561c1c4fa78748864782c4c) Importer(815301076,1909f56bfc062723c751e8b465ee728b)
Start importing Assets/Prefabs/Platforms/Platform.prefab using Guid(81311c936561c1c4fa78748864782c4c) Importer(815301076,1909f56bfc062723c751e8b465ee728b)  -> (artifact id: '83430b79895970ed2c957b22f6f99ee5') in 0.073423 seconds
  Import took 0.076098 seconds .

========================================================================
Received Import Request.
  Time since last request: 12.252522 seconds.
  path: Assets/Prefabs/Platforms/SpawnPlatform.prefab
  artifactKey: Guid(2f24f2efb095cb64997be99ccc5b9431) Importer(815301076,1909f56bfc062723c751e8b465ee728b)
Start importing Assets/Prefabs/Platforms/SpawnPlatform.prefab using Guid(2f24f2efb095cb64997be99ccc5b9431) Importer(815301076,1909f56bfc062723c751e8b465ee728b)  -> (artifact id: 'e4546d08796df5d10960672689fe8d8a') in 0.023232 seconds
  Import took 0.049079 seconds .

========================================================================
Received Prepare
Registering precompiled user dll's ...
Registered in 0.000795 seconds.
Begin MonoManager ReloadAssembly
Error: Could not load signature of Unity.Android.Logcat.AndroidLogcat:.ctor due to: Could not load file or assembly 'UnityEditor.Android.Extensions, Version=1.0.0.0, Culture=neutral, PublicKeyToken=null' or one of its dependencies. assembly:UnityEditor.Android.Extensions, Version=1.0.0.0, Culture=neutral, PublicKeyToken=null type:<unknown type> member:(null) signature:<none>

Unloading broken assembly Library/ScriptAssemblies/Unity.Mobile.AndroidLogcat.Editor.dll, this assembly can cause crashes in the runtime

Native extension for LinuxStandalone target not found
Native extension for WindowsStandalone target not found
Refreshing native plugins compatible for Editor in 0.34 ms, found 0 plugins.
Preloading 0 native plugins for Editor in 0.00 ms.
Invoked RoslynAnalysisRunner static constructor.
RoslynAnalysisRunner will not be running.
RoslynAnalysisRunner has terminated.
Mono: successfully reloaded assembly
- Completed reload, in  1.105 seconds
Platform modules already initialized, skipping
Refreshing native plugins compatible for Editor in 0.35 ms, found 0 plugins.
Preloading 0 native plugins for Editor in 0.00 ms.
Unloading 1201 Unused Serialized files (Serialized files now loaded: 0)
System memory in use before: 64.8 MB.
System memory in use after: 64.9 MB.

Unloading 17 unused Assets to reduce memory usage. Loaded Objects now: 1702.
Total: 2.043300 ms (FindLiveObjects: 0.239800 ms CreateObjectMapping: 0.082800 ms MarkObjects: 1.695900 ms  DeleteObjects: 0.023300 ms)

========================================================================
Received Import Request.
  Time since last request: 96.887945 seconds.
  path: Assets/Prefabs/Platforms/New Lighting Settings.lighting
  artifactKey: Guid(e1e8d11965431414cb6ede97feec9760) Importer(815301076,1909f56bfc062723c751e8b465ee728b)
Start importing Assets/Prefabs/Platforms/New Lighting Settings.lighting using Guid(e1e8d11965431414cb6ede97feec9760) Importer(815301076,1909f56bfc062723c751e8b465ee728b)  -> (artifact id: '6f15877c157fa2ee3fd7a1fa753b5bcb') in 0.022993 seconds
  Import took 0.035554 seconds .

========================================================================
Received Prepare
Registering precompiled user dll's ...
Registered in 0.001131 seconds.
Begin MonoManager ReloadAssembly
Error: Could not load signature of Unity.Android.Logcat.AndroidLogcat:.ctor due to: Could not load file or assembly 'UnityEditor.Android.Extensions, Version=1.0.0.0, Culture=neutral, PublicKeyToken=null' or one of its dependencies. assembly:UnityEditor.Android.Extensions, Version=1.0.0.0, Culture=neutral, PublicKeyToken=null type:<unknown type> member:(null) signature:<none>

Unloading broken assembly Library/ScriptAssemblies/Unity.Mobile.AndroidLogcat.Editor.dll, this assembly can cause crashes in the runtime

Native extension for LinuxStandalone target not found
Native extension for WindowsStandalone target not found
Refreshing native plugins compatible for Editor in 0.36 ms, found 0 plugins.
Preloading 0 native plugins for Editor in 0.00 ms.
Invoked RoslynAnalysisRunner static constructor.
RoslynAnalysisRunner will not be running.
RoslynAnalysisRunner has terminated.
Mono: successfully reloaded assembly
- Completed reload, in  1.258 seconds
Platform modules already initialized, skipping
Refreshing native plugins compatible for Editor in 0.45 ms, found 0 plugins.
Preloading 0 native plugins for Editor in 0.00 ms.
Unloading 1201 Unused Serialized files (Serialized files now loaded: 0)
System memory in use before: 64.9 MB.
System memory in use after: 65.0 MB.

Unloading 17 unused Assets to reduce memory usage. Loaded Objects now: 1704.
Total: 1.998300 ms (FindLiveObjects: 0.170400 ms CreateObjectMapping: 0.042400 ms MarkObjects: 1.744700 ms  DeleteObjects: 0.022100 ms)

========================================================================
Received Prepare
Registering precompiled user dll's ...
Registered in 0.000824 seconds.
Begin MonoManager ReloadAssembly
Error: Could not load signature of Unity.Android.Logcat.AndroidLogcat:.ctor due to: Could not load file or assembly 'UnityEditor.Android.Extensions, Version=1.0.0.0, Culture=neutral, PublicKeyToken=null' or one of its dependencies. assembly:UnityEditor.Android.Extensions, Version=1.0.0.0, Culture=neutral, PublicKeyToken=null type:<unknown type> member:(null) signature:<none>

Unloading broken assembly Library/ScriptAssemblies/Unity.Mobile.AndroidLogcat.Editor.dll, this assembly can cause crashes in the runtime

Native extension for LinuxStandalone target not found
Native extension for WindowsStandalone target not found
Refreshing native plugins compatible for Editor in 0.50 ms, found 0 plugins.
Preloading 0 native plugins for Editor in 0.00 ms.
Invoked RoslynAnalysisRunner static constructor.
RoslynAnalysisRunner will not be running.
RoslynAnalysisRunner has terminated.
Mono: successfully reloaded assembly
- Completed reload, in  1.232 seconds
Platform modules already initialized, skipping
Refreshing native plugins compatible for Editor in 0.84 ms, found 0 plugins.
Preloading 0 native plugins for Editor in 0.00 ms.
Unloading 1201 Unused Serialized files (Serialized files now loaded: 0)
System memory in use before: 64.2 MB.
System memory in use after: 64.3 MB.

Unloading 17 unused Assets to reduce memory usage. Loaded Objects now: 1706.
Total: 2.062100 ms (FindLiveObjects: 0.281100 ms CreateObjectMapping: 0.050500 ms MarkObjects: 1.705800 ms  DeleteObjects: 0.023100 ms)

========================================================================
Received Prepare
Registering precompiled user dll's ...
Registered in 0.001379 seconds.
Begin MonoManager ReloadAssembly
Error: Could not load signature of Unity.Android.Logcat.AndroidLogcat:.ctor due to: Could not load file or assembly 'UnityEditor.Android.Extensions, Version=1.0.0.0, Culture=neutral, PublicKeyToken=null' or one of its dependencies. assembly:UnityEditor.Android.Extensions, Version=1.0.0.0, Culture=neutral, PublicKeyToken=null type:<unknown type> member:(null) signature:<none>

Unloading broken assembly Library/ScriptAssemblies/Unity.Mobile.AndroidLogcat.Editor.dll, this assembly can cause crashes in the runtime

Native extension for LinuxStandalone target not found
Native extension for WindowsStandalone target not found
Refreshing native plugins compatible for Editor in 0.52 ms, found 0 plugins.
Preloading 0 native plugins for Editor in 0.00 ms.
Invoked RoslynAnalysisRunner static constructor.
RoslynAnalysisRunner will not be running.
RoslynAnalysisRunner has terminated.
Mono: successfully reloaded assembly
- Completed reload, in  1.089 seconds
Platform modules already initialized, skipping
Refreshing native plugins compatible for Editor in 0.38 ms, found 0 plugins.
Preloading 0 native plugins for Editor in 0.00 ms.
Unloading 1201 Unused Serialized files (Serialized files now loaded: 0)
System memory in use before: 64.4 MB.
System memory in use after: 64.5 MB.

Unloading 17 unused Assets to reduce memory usage. Loaded Objects now: 1708.
Total: 2.757300 ms (FindLiveObjects: 0.234900 ms CreateObjectMapping: 0.080700 ms MarkObjects: 2.420000 ms  DeleteObjects: 0.020200 ms)

========================================================================
Received Prepare
Registering precompiled user dll's ...
Registered in 0.000781 seconds.
Begin MonoManager ReloadAssembly
Error: Could not load signature of Unity.Android.Logcat.AndroidLogcat:.ctor due to: Could not load file or assembly 'UnityEditor.Android.Extensions, Version=1.0.0.0, Culture=neutral, PublicKeyToken=null' or one of its dependencies. assembly:UnityEditor.Android.Extensions, Version=1.0.0.0, Culture=neutral, PublicKeyToken=null type:<unknown type> member:(null) signature:<none>

Unloading broken assembly Library/ScriptAssemblies/Unity.Mobile.AndroidLogcat.Editor.dll, this assembly can cause crashes in the runtime

Native extension for LinuxStandalone target not found
Native extension for WindowsStandalone target not found
Refreshing native plugins compatible for Editor in 0.36 ms, found 0 plugins.
Preloading 0 native plugins for Editor in 0.00 ms.
Invoked RoslynAnalysisRunner static constructor.
RoslynAnalysisRunner will not be running.
RoslynAnalysisRunner has terminated.
Mono: successfully reloaded assembly
- Completed reload, in  1.223 seconds
Platform modules already initialized, skipping
Refreshing native plugins compatible for Editor in 0.40 ms, found 0 plugins.
Preloading 0 native plugins for Editor in 0.00 ms.
Unloading 1201 Unused Serialized files (Serialized files now loaded: 0)
System memory in use before: 64.6 MB.
System memory in use after: 64.7 MB.

Unloading 17 unused Assets to reduce memory usage. Loaded Objects now: 1710.
Total: 2.042900 ms (FindLiveObjects: 0.191200 ms CreateObjectMapping: 0.046500 ms MarkObjects: 1.763500 ms  DeleteObjects: 0.040600 ms)

========================================================================
Received Prepare
Registering precompiled user dll's ...
Registered in 0.000747 seconds.
Begin MonoManager ReloadAssembly
Error: Could not load signature of Unity.Android.Logcat.AndroidLogcat:.ctor due to: Could not load file or assembly 'UnityEditor.Android.Extensions, Version=1.0.0.0, Culture=neutral, PublicKeyToken=null' or one of its dependencies. assembly:UnityEditor.Android.Extensions, Version=1.0.0.0, Culture=neutral, PublicKeyToken=null type:<unknown type> member:(null) signature:<none>

Unloading broken assembly Library/ScriptAssemblies/Unity.Mobile.AndroidLogcat.Editor.dll, this assembly can cause crashes in the runtime

Native extension for LinuxStandalone target not found
Native extension for WindowsStandalone target not found
Refreshing native plugins compatible for Editor in 0.45 ms, found 0 plugins.
Preloading 0 native plugins for Editor in 0.00 ms.
Invoked RoslynAnalysisRunner static constructor.
RoslynAnalysisRunner will not be running.
RoslynAnalysisRunner has terminated.
Mono: successfully reloaded assembly
- Completed reload, in  1.067 seconds
Platform modules already initialized, skipping
Refreshing native plugins compatible for Editor in 0.42 ms, found 0 plugins.
Preloading 0 native plugins for Editor in 0.00 ms.
Unloading 1201 Unused Serialized files (Serialized files now loaded: 0)
System memory in use before: 64.8 MB.
System memory in use after: 64.9 MB.

Unloading 17 unused Assets to reduce memory usage. Loaded Objects now: 1712.
Total: 1.885000 ms (FindLiveObjects: 0.202600 ms CreateObjectMapping: 0.044200 ms MarkObjects: 1.584500 ms  DeleteObjects: 0.052500 ms)

========================================================================
Received Import Request.
  Time since last request: 956.132952 seconds.
  path: Assets/Materials/Ball.mat
  artifactKey: Guid(13e6b88efbc9754419a2816b25592597) Importer(815301076,1909f56bfc062723c751e8b465ee728b)
Start importing Assets/Materials/Ball.mat using Guid(13e6b88efbc9754419a2816b25592597) Importer(815301076,1909f56bfc062723c751e8b465ee728b)  -> (artifact id: 'fde78588a280f503a46951e0fb900fb1') in 0.078813 seconds
  Import took 0.091114 seconds .

========================================================================
Received Import Request.
  Time since last request: 0.000491 seconds.
  path: Assets/Materials/Beam.mat
  artifactKey: Guid(2c13702bd6bdaf14eb8ae2c03398812a) Importer(815301076,1909f56bfc062723c751e8b465ee728b)
Start importing Assets/Materials/Beam.mat using Guid(2c13702bd6bdaf14eb8ae2c03398812a) Importer(815301076,1909f56bfc062723c751e8b465ee728b)  -> (artifact id: '77c01d548d1df851831f0ba9bd9cb7b5') in 0.010722 seconds
  Import took 0.034999 seconds .

========================================================================
Received Import Request.
  Time since last request: 0.000414 seconds.
  path: Assets/Materials/Platform.mat
  artifactKey: Guid(f3f76668d2fcf9a4abd4f0a2a279ccf5) Importer(815301076,1909f56bfc062723c751e8b465ee728b)
Start importing Assets/Materials/Platform.mat using Guid(f3f76668d2fcf9a4abd4f0a2a279ccf5) Importer(815301076,1909f56bfc062723c751e8b465ee728b)  -> (artifact id: '2e71f2b83969fa61d8c2cb0ec34b70b3') in 0.010514 seconds
  Import took 0.014126 seconds .

========================================================================
Received Import Request.
  Time since last request: 0.000481 seconds.
  path: Assets/Materials/Beam.mat
  artifactKey: Guid(2c13702bd6bdaf14eb8ae2c03398812a) Importer(815301076,1909f56bfc062723c751e8b465ee728b)
Start importing Assets/Materials/Beam.mat using Guid(2c13702bd6bdaf14eb8ae2c03398812a) Importer(815301076,1909f56bfc062723c751e8b465ee728b)  -> (artifact id: '77c01d548d1df851831f0ba9bd9cb7b5') in 0.010547 seconds
  Import took 0.015154 seconds .

========================================================================
Received Import Request.
  Time since last request: 0.014206 seconds.
  path: Assets/Materials/Platform.mat
  artifactKey: Guid(f3f76668d2fcf9a4abd4f0a2a279ccf5) Importer(815301076,1909f56bfc062723c751e8b465ee728b)
Start importing Assets/Materials/Platform.mat using Guid(f3f76668d2fcf9a4abd4f0a2a279ccf5) Importer(815301076,1909f56bfc062723c751e8b465ee728b)  -> (artifact id: '2e71f2b83969fa61d8c2cb0ec34b70b3') in 0.011085 seconds
  Import took 0.014510 seconds .

========================================================================
Received Prepare
Registering precompiled user dll's ...
Registered in 0.001500 seconds.
Begin MonoManager ReloadAssembly
Error: Could not load signature of Unity.Android.Logcat.AndroidLogcat:.ctor due to: Could not load file or assembly 'UnityEditor.Android.Extensions, Version=1.0.0.0, Culture=neutral, PublicKeyToken=null' or one of its dependencies. assembly:UnityEditor.Android.Extensions, Version=1.0.0.0, Culture=neutral, PublicKeyToken=null type:<unknown type> member:(null) signature:<none>

Unloading broken assembly Library/ScriptAssemblies/Unity.Mobile.AndroidLogcat.Editor.dll, this assembly can cause crashes in the runtime

Native extension for LinuxStandalone target not found
Native extension for WindowsStandalone target not found
Refreshing native plugins compatible for Editor in 0.41 ms, found 0 plugins.
Preloading 0 native plugins for Editor in 0.00 ms.
Invoked RoslynAnalysisRunner static constructor.
RoslynAnalysisRunner will not be running.
RoslynAnalysisRunner has terminated.
Mono: successfully reloaded assembly
- Completed reload, in  1.186 seconds
Platform modules already initialized, skipping
Refreshing native plugins compatible for Editor in 0.40 ms, found 0 plugins.
Preloading 0 native plugins for Editor in 0.00 ms.
Unloading 1201 Unused Serialized files (Serialized files now loaded: 0)
System memory in use before: 65.0 MB.
System memory in use after: 65.1 MB.

Unloading 17 unused Assets to reduce memory usage. Loaded Objects now: 1715.
Total: 2.780200 ms (FindLiveObjects: 0.298800 ms CreateObjectMapping: 0.053700 ms MarkObjects: 2.363100 ms  DeleteObjects: 0.063300 ms)

========================================================================
Received Prepare
Registering precompiled user dll's ...
Registered in 0.000790 seconds.
Begin MonoManager ReloadAssembly
Error: Could not load signature of Unity.Android.Logcat.AndroidLogcat:.ctor due to: Could not load file or assembly 'UnityEditor.Android.Extensions, Version=1.0.0.0, Culture=neutral, PublicKeyToken=null' or one of its dependencies. assembly:UnityEditor.Android.Extensions, Version=1.0.0.0, Culture=neutral, PublicKeyToken=null type:<unknown type> member:(null) signature:<none>

Unloading broken assembly Library/ScriptAssemblies/Unity.Mobile.AndroidLogcat.Editor.dll, this assembly can cause crashes in the runtime

Native extension for LinuxStandalone target not found
Native extension for WindowsStandalone target not found
Refreshing native plugins compatible for Editor in 0.90 ms, found 0 plugins.
Preloading 0 native plugins for Editor in 0.00 ms.
Invoked RoslynAnalysisRunner static constructor.
RoslynAnalysisRunner will not be running.
RoslynAnalysisRunner has terminated.
Mono: successfully reloaded assembly
- Completed reload, in  1.702 seconds
Platform modules already initialized, skipping
Refreshing native plugins compatible for Editor in 0.46 ms, found 0 plugins.
Preloading 0 native plugins for Editor in 0.00 ms.
Unloading 1201 Unused Serialized files (Serialized files now loaded: 0)
System memory in use before: 65.0 MB.
System memory in use after: 65.2 MB.

Unloading 17 unused Assets to reduce memory usage. Loaded Objects now: 1717.
Total: 3.405000 ms (FindLiveObjects: 0.368600 ms CreateObjectMapping: 0.116200 ms MarkObjects: 2.883400 ms  DeleteObjects: 0.034800 ms)

========================================================================
Received Prepare
Registering precompiled user dll's ...
Registered in 0.001178 seconds.
Begin MonoManager ReloadAssembly
Error: Could not load signature of Unity.Android.Logcat.AndroidLogcat:.ctor due to: Could not load file or assembly 'UnityEditor.Android.Extensions, Version=1.0.0.0, Culture=neutral, PublicKeyToken=null' or one of its dependencies. assembly:UnityEditor.Android.Extensions, Version=1.0.0.0, Culture=neutral, PublicKeyToken=null type:<unknown type> member:(null) signature:<none>

Unloading broken assembly Library/ScriptAssemblies/Unity.Mobile.AndroidLogcat.Editor.dll, this assembly can cause crashes in the runtime

Native extension for LinuxStandalone target not found
Native extension for WindowsStandalone target not found
Refreshing native plugins compatible for Editor in 0.35 ms, found 0 plugins.
Preloading 0 native plugins for Editor in 0.00 ms.
Invoked RoslynAnalysisRunner static constructor.
RoslynAnalysisRunner will not be running.
RoslynAnalysisRunner has terminated.
Mono: successfully reloaded assembly
- Completed reload, in  1.124 seconds
Platform modules already initialized, skipping
Refreshing native plugins compatible for Editor in 0.45 ms, found 0 plugins.
Preloading 0 native plugins for Editor in 0.00 ms.
Unloading 1201 Unused Serialized files (Serialized files now loaded: 0)
System memory in use before: 64.3 MB.
System memory in use after: 64.4 MB.

Unloading 17 unused Assets to reduce memory usage. Loaded Objects now: 1719.
Total: 2.955700 ms (FindLiveObjects: 0.275900 ms CreateObjectMapping: 0.045000 ms MarkObjects: 2.573300 ms  DeleteObjects: 0.059700 ms)

========================================================================
Received Prepare
Registering precompiled user dll's ...
Registered in 0.001096 seconds.
Begin MonoManager ReloadAssembly
Error: Could not load signature of Unity.Android.Logcat.AndroidLogcat:.ctor due to: Could not load file or assembly 'UnityEditor.Android.Extensions, Version=1.0.0.0, Culture=neutral, PublicKeyToken=null' or one of its dependencies. assembly:UnityEditor.Android.Extensions, Version=1.0.0.0, Culture=neutral, PublicKeyToken=null type:<unknown type> member:(null) signature:<none>

Unloading broken assembly Library/ScriptAssemblies/Unity.Mobile.AndroidLogcat.Editor.dll, this assembly can cause crashes in the runtime

Native extension for LinuxStandalone target not found
Native extension for WindowsStandalone target not found
Refreshing native plugins compatible for Editor in 0.36 ms, found 0 plugins.
Preloading 0 native plugins for Editor in 0.00 ms.
Invoked RoslynAnalysisRunner static constructor.
RoslynAnalysisRunner will not be running.
RoslynAnalysisRunner has terminated.
Mono: successfully reloaded assembly
- Completed reload, in  1.213 seconds
Platform modules already initialized, skipping
Refreshing native plugins compatible for Editor in 0.43 ms, found 0 plugins.
Preloading 0 native plugins for Editor in 0.00 ms.
Unloading 1201 Unused Serialized files (Serialized files now loaded: 0)
System memory in use before: 64.5 MB.
System memory in use after: 64.6 MB.

Unloading 17 unused Assets to reduce memory usage. Loaded Objects now: 1721.
Total: 3.617800 ms (FindLiveObjects: 0.356200 ms CreateObjectMapping: 0.143200 ms MarkObjects: 3.031800 ms  DeleteObjects: 0.083500 ms)

========================================================================
Received Import Request.
  Time since last request: 2317.084247 seconds.
  path: Assets/Prefabs/Platforms/Platform1.prefab
  artifactKey: Guid(f49ad23111ec74e4d88fb2b4761f62c5) Importer(815301076,1909f56bfc062723c751e8b465ee728b)
Start importing Assets/Prefabs/Platforms/Platform1.prefab using Guid(f49ad23111ec74e4d88fb2b4761f62c5) Importer(815301076,1909f56bfc062723c751e8b465ee728b)  -> (artifact id: '9df7dd1f57e6b3985aadcbc552e7a74e') in 0.600664 seconds
  Import took 0.623110 seconds .

========================================================================
Received Import Request.
  Time since last request: 563.152244 seconds.
  path: Assets/Prefabs/Platforms/Platform1.prefab
  artifactKey: Guid(f49ad23111ec74e4d88fb2b4761f62c5) Importer(815301076,1909f56bfc062723c751e8b465ee728b)
Start importing Assets/Prefabs/Platforms/Platform1.prefab using Guid(f49ad23111ec74e4d88fb2b4761f62c5) Importer(815301076,1909f56bfc062723c751e8b465ee728b)  -> (artifact id: 'a0f03522bdd916130e2fab487fcd6822') in 0.051370 seconds
  Import took 0.065937 seconds .

========================================================================
Received Import Request.
  Time since last request: 0.001413 seconds.
  path: Assets/Prefabs/Platforms/Platform1.prefab
  artifactKey: Guid(f49ad23111ec74e4d88fb2b4761f62c5) Importer(815301076,1909f56bfc062723c751e8b465ee728b)
Start importing Assets/Prefabs/Platforms/Platform1.prefab using Guid(f49ad23111ec74e4d88fb2b4761f62c5) Importer(815301076,1909f56bfc062723c751e8b465ee728b)  -> (artifact id: 'a0f03522bdd916130e2fab487fcd6822') in 0.026344 seconds
  Import took 0.031105 seconds .

========================================================================
Received Import Request.
  Time since last request: 0.887785 seconds.
  path: Assets/Prefabs/Platforms/Platform1.prefab
  artifactKey: Guid(f49ad23111ec74e4d88fb2b4761f62c5) Importer(815301076,1909f56bfc062723c751e8b465ee728b)
Start importing Assets/Prefabs/Platforms/Platform1.prefab using Guid(f49ad23111ec74e4d88fb2b4761f62c5) Importer(815301076,1909f56bfc062723c751e8b465ee728b)  -> (artifact id: '5181dc4ddb9e319931b980061e08a568') in 0.042341 seconds
  Import took 0.058119 seconds .

========================================================================
Received Import Request.
  Time since last request: 15.567930 seconds.
  path: Assets/Prefabs/Platforms/Platform1.prefab
  artifactKey: Guid(f49ad23111ec74e4d88fb2b4761f62c5) Importer(815301076,1909f56bfc062723c751e8b465ee728b)
Start importing Assets/Prefabs/Platforms/Platform1.prefab using Guid(f49ad23111ec74e4d88fb2b4761f62c5) Importer(815301076,1909f56bfc062723c751e8b465ee728b)  -> (artifact id: '867fefde869d69da2845604e278c027b') in 0.030250 seconds
  Import took 0.053378 seconds .

========================================================================
Received Import Request.
  Time since last request: 0.946216 seconds.
  path: Assets/Prefabs/Platforms/Platform1.prefab
  artifactKey: Guid(f49ad23111ec74e4d88fb2b4761f62c5) Importer(815301076,1909f56bfc062723c751e8b465ee728b)
Start importing Assets/Prefabs/Platforms/Platform1.prefab using Guid(f49ad23111ec74e4d88fb2b4761f62c5) Importer(815301076,1909f56bfc062723c751e8b465ee728b)  -> (artifact id: '591ab6b8d44f1e7fd793ef61f72a4acf') in 0.051476 seconds
  Import took 0.055676 seconds .

========================================================================
Received Import Request.
  Time since last request: 396.882977 seconds.
  path: Assets/Prefabs/Platforms/Platform2.prefab
  artifactKey: Guid(716d57b52ab550d429fe00fc4db23802) Importer(815301076,1909f56bfc062723c751e8b465ee728b)
Start importing Assets/Prefabs/Platforms/Platform2.prefab using Guid(716d57b52ab550d429fe00fc4db23802) Importer(815301076,1909f56bfc062723c751e8b465ee728b)  -> (artifact id: '7e8fd73e0c3e0c9b26fd869a32b9507e') in 0.127584 seconds
  Import took 0.146521 seconds .

========================================================================
Received Import Request.
  Time since last request: 29.923571 seconds.
  path: Assets/Prefabs/Platforms/Platform1.prefab
  artifactKey: Guid(f49ad23111ec74e4d88fb2b4761f62c5) Importer(815301076,1909f56bfc062723c751e8b465ee728b)
Start importing Assets/Prefabs/Platforms/Platform1.prefab using Guid(f49ad23111ec74e4d88fb2b4761f62c5) Importer(815301076,1909f56bfc062723c751e8b465ee728b)  -> (artifact id: '18641edafaa89c9dcee61eaa828db424') in 0.057767 seconds
  Import took 0.084475 seconds .

========================================================================
Received Import Request.
  Time since last request: 4.674128 seconds.
  path: Assets/Prefabs/Platforms/Platform2.prefab
  artifactKey: Guid(716d57b52ab550d429fe00fc4db23802) Importer(815301076,1909f56bfc062723c751e8b465ee728b)
Start importing Assets/Prefabs/Platforms/Platform2.prefab using Guid(716d57b52ab550d429fe00fc4db23802) Importer(815301076,1909f56bfc062723c751e8b465ee728b)  -> (artifact id: 'ae54832ad4a7f331ad31bfa9ba886ccc') in 0.014842 seconds
  Import took 0.030184 seconds .

========================================================================
Received Import Request.
  Time since last request: 0.014607 seconds.
  path: Assets/Prefabs/Platforms/Platform2.prefab
  artifactKey: Guid(716d57b52ab550d429fe00fc4db23802) Importer(815301076,1909f56bfc062723c751e8b465ee728b)
Start importing Assets/Prefabs/Platforms/Platform2.prefab using Guid(716d57b52ab550d429fe00fc4db23802) Importer(815301076,1909f56bfc062723c751e8b465ee728b)  -> (artifact id: 'ae54832ad4a7f331ad31bfa9ba886ccc') in 0.061822 seconds
  Import took 0.065801 seconds .

========================================================================
Received Prepare
Registering precompiled user dll's ...
Registered in 0.000922 seconds.
Begin MonoManager ReloadAssembly
Error: Could not load signature of Unity.Android.Logcat.AndroidLogcat:.ctor due to: Could not load file or assembly 'UnityEditor.Android.Extensions, Version=1.0.0.0, Culture=neutral, PublicKeyToken=null' or one of its dependencies. assembly:UnityEditor.Android.Extensions, Version=1.0.0.0, Culture=neutral, PublicKeyToken=null type:<unknown type> member:(null) signature:<none>

Unloading broken assembly Library/ScriptAssemblies/Unity.Mobile.AndroidLogcat.Editor.dll, this assembly can cause crashes in the runtime

Native extension for LinuxStandalone target not found
Native extension for WindowsStandalone target not found
Refreshing native plugins compatible for Editor in 0.49 ms, found 0 plugins.
Preloading 0 native plugins for Editor in 0.00 ms.
Invoked RoslynAnalysisRunner static constructor.
RoslynAnalysisRunner will not be running.
RoslynAnalysisRunner has terminated.
Mono: successfully reloaded assembly
- Completed reload, in  1.933 seconds
Platform modules already initialized, skipping
Refreshing native plugins compatible for Editor in 0.81 ms, found 0 plugins.
Preloading 0 native plugins for Editor in 0.00 ms.
Unloading 1201 Unused Serialized files (Serialized files now loaded: 0)
System memory in use before: 64.7 MB.
System memory in use after: 64.8 MB.

Unloading 17 unused Assets to reduce memory usage. Loaded Objects now: 1724.
Total: 2.896600 ms (FindLiveObjects: 0.268200 ms CreateObjectMapping: 0.061000 ms MarkObjects: 2.523100 ms  DeleteObjects: 0.042100 ms)

========================================================================
Received Prepare
Registering precompiled user dll's ...
Registered in 0.000882 seconds.
Begin MonoManager ReloadAssembly
Error: Could not load signature of Unity.Android.Logcat.AndroidLogcat:.ctor due to: Could not load file or assembly 'UnityEditor.Android.Extensions, Version=1.0.0.0, Culture=neutral, PublicKeyToken=null' or one of its dependencies. assembly:UnityEditor.Android.Extensions, Version=1.0.0.0, Culture=neutral, PublicKeyToken=null type:<unknown type> member:(null) signature:<none>

Unloading broken assembly Library/ScriptAssemblies/Unity.Mobile.AndroidLogcat.Editor.dll, this assembly can cause crashes in the runtime

Native extension for LinuxStandalone target not found
Native extension for WindowsStandalone target not found
Refreshing native plugins compatible for Editor in 0.34 ms, found 0 plugins.
Preloading 0 native plugins for Editor in 0.00 ms.
Invoked RoslynAnalysisRunner static constructor.
RoslynAnalysisRunner will not be running.
RoslynAnalysisRunner has terminated.
Mono: successfully reloaded assembly
- Completed reload, in  1.223 seconds
Platform modules already initialized, skipping
Refreshing native plugins compatible for Editor in 0.36 ms, found 0 plugins.
Preloading 0 native plugins for Editor in 0.00 ms.
Unloading 1201 Unused Serialized files (Serialized files now loaded: 0)
System memory in use before: 64.9 MB.
System memory in use after: 65.0 MB.

Unloading 17 unused Assets to reduce memory usage. Loaded Objects now: 1726.
Total: 2.143300 ms (FindLiveObjects: 0.226200 ms CreateObjectMapping: 0.073300 ms MarkObjects: 1.802300 ms  DeleteObjects: 0.039800 ms)

AssetImportWorkerClient::OnTransportError - code=2 error=End of file
