Using pre-set license
Built from '2020.2/release' branch; Version is '2020.2.0f1 (3721df5a8b28) revision 3613151'; Using compiler version '192528614'; Build Type 'Release'
OS: 'Windows 10  (10.0.0) 64bit' Language: 'ru' Physical Memory: 8090 MB
BatchMode: 1, IsHumanControllingUs: 0, StartBugReporterOnCrash: 0, Is64bit: 1, IsPro: 0

 COMMAND LINE ARGUMENTS:
D:\Unityar\2020.2.0f1\Editor\Unity.exe
-adb2
-batchMode
-noUpm
-name
AssetImportWorker1
-projectPath
D:/My directory/UnityGames/HelixJump/HelixJump
-logFile
Logs/AssetImportWorker1.log
-srvPort
50871
Successfully changed project path to: D:/My directory/UnityGames/HelixJump/HelixJump
D:/My directory/UnityGames/HelixJump/HelixJump
Using Asset Import Pipeline V2.
Refreshing native plugins compatible for Editor in 43.08 ms, found 0 plugins.
Preloading 0 native plugins for Editor in 0.00 ms.
Initialize engine version: 2020.2.0f1 (3721df5a8b28)
[Subsystems] Discovering subsystems at path D:/Unityar/2020.2.0f1/Editor/Data/Resources/UnitySubsystems
[Subsystems] Discovering subsystems at path D:/My directory/UnityGames/HelixJump/HelixJump/Assets
GfxDevice: creating device client; threaded=0
Direct3D:
    Version:  Direct3D 11.0 [level 11.0]
    Renderer: NVIDIA GeForce GTX 960M (ID=0x139b)
    Vendor:   
    VRAM:     2010 MB
    Driver:   27.21.14.6089
Initialize mono
Mono path[0] = 'D:/Unityar/2020.2.0f1/Editor/Data/Managed'
Mono path[1] = 'D:/Unityar/2020.2.0f1/Editor/Data/MonoBleedingEdge/lib/mono/unityjit'
Mono config path = 'D:/Unityar/2020.2.0f1/Editor/Data/MonoBleedingEdge/etc'
Using monoOptions --debugger-agent=transport=dt_socket,embedding=1,server=y,suspend=n,address=127.0.0.1:56056
Begin MonoManager ReloadAssembly
Registering precompiled unity dll's ...
Register platform support module: D:/Unityar/2020.2.0f1/Editor/Data/PlaybackEngines/WindowsStandaloneSupport/UnityEditor.WindowsStandalone.Extensions.dll
Register platform support module: D:/Unityar/2020.2.0f1/Editor/Data/PlaybackEngines/LinuxStandaloneSupport/UnityEditor.LinuxStandalone.Extensions.dll
Registered in 0.001782 seconds.
Native extension for LinuxStandalone target not found
Native extension for WindowsStandalone target not found
Refreshing native plugins compatible for Editor in 34.73 ms, found 0 plugins.
Preloading 0 native plugins for Editor in 0.00 ms.
Invoked RoslynAnalysisRunner static constructor.
RoslynAnalysisRunner will not be running.
RoslynAnalysisRunner has terminated.
Mono: successfully reloaded assembly
- Completed reload, in  2.748 seconds
Platform modules already initialized, skipping
Registering precompiled user dll's ...
Registered in 0.000743 seconds.
Begin MonoManager ReloadAssembly
Error: Could not load signature of Unity.Android.Logcat.AndroidLogcat:.ctor due to: Could not load file or assembly 'UnityEditor.Android.Extensions, Version=1.0.0.0, Culture=neutral, PublicKeyToken=null' or one of its dependencies. assembly:UnityEditor.Android.Extensions, Version=1.0.0.0, Culture=neutral, PublicKeyToken=null type:<unknown type> member:(null) signature:<none>

Unloading broken assembly Library/ScriptAssemblies/Unity.Mobile.AndroidLogcat.Editor.dll, this assembly can cause crashes in the runtime

Native extension for LinuxStandalone target not found
Native extension for WindowsStandalone target not found
Refreshing native plugins compatible for Editor in 0.40 ms, found 0 plugins.
Preloading 0 native plugins for Editor in 0.00 ms.
Invoked RoslynAnalysisRunner static constructor.
RoslynAnalysisRunner will not be running.
RoslynAnalysisRunner has terminated.
Mono: successfully reloaded assembly
- Completed reload, in  1.164 seconds
Platform modules already initialized, skipping
========================================================================
Worker process is ready to serve import requests
Launched and connected shader compiler UnityShaderCompiler.exe after 0.23 seconds
Refreshing native plugins compatible for Editor in 0.39 ms, found 0 plugins.
Preloading 0 native plugins for Editor in 0.00 ms.
Unloading 1204 Unused Serialized files (Serialized files now loaded: 0)
System memory in use before: 59.5 MB.
System memory in use after: 59.5 MB.

Unloading 22 unused Assets to reduce memory usage. Loaded Objects now: 1632.
Total: 2.485300 ms (FindLiveObjects: 0.214200 ms CreateObjectMapping: 0.106400 ms MarkObjects: 2.056300 ms  DeleteObjects: 0.106700 ms)

========================================================================
Received Import Request.
  path: Assets/Scripts/Platforms/FinishPlatform.cs
  artifactKey: Guid(95c7ca59c9a7edc46a16991f68025db0) Importer(815301076,1909f56bfc062723c751e8b465ee728b)
Start importing Assets/Scripts/Platforms/FinishPlatform.cs using Guid(95c7ca59c9a7edc46a16991f68025db0) Importer(815301076,1909f56bfc062723c751e8b465ee728b)  -> (artifact id: '8029677ba4a55a6d90258a697c3b9b46') in 0.238715 seconds
  Import took 0.277344 seconds .

========================================================================
Received Import Request.
  Time since last request: 0.000428 seconds.
  path: Assets/Scripts/Platforms/Platform.cs
  artifactKey: Guid(87ebcb425cb085e4689b669ba581123a) Importer(815301076,1909f56bfc062723c751e8b465ee728b)
Start importing Assets/Scripts/Platforms/Platform.cs using Guid(87ebcb425cb085e4689b669ba581123a) Importer(815301076,1909f56bfc062723c751e8b465ee728b)  -> (artifact id: 'c3476e1f7eb2ad07cce9145939c35432') in 0.001997 seconds
  Import took 0.015662 seconds .

========================================================================
Received Prepare
Registering precompiled user dll's ...
Registered in 0.001017 seconds.
Begin MonoManager ReloadAssembly
Error: Could not load signature of Unity.Android.Logcat.AndroidLogcat:.ctor due to: Could not load file or assembly 'UnityEditor.Android.Extensions, Version=1.0.0.0, Culture=neutral, PublicKeyToken=null' or one of its dependencies. assembly:UnityEditor.Android.Extensions, Version=1.0.0.0, Culture=neutral, PublicKeyToken=null type:<unknown type> member:(null) signature:<none>

Unloading broken assembly Library/ScriptAssemblies/Unity.Mobile.AndroidLogcat.Editor.dll, this assembly can cause crashes in the runtime

Native extension for LinuxStandalone target not found
Native extension for WindowsStandalone target not found
Refreshing native plugins compatible for Editor in 0.88 ms, found 0 plugins.
Preloading 0 native plugins for Editor in 0.00 ms.
Invoked RoslynAnalysisRunner static constructor.
RoslynAnalysisRunner will not be running.
RoslynAnalysisRunner has terminated.
Mono: successfully reloaded assembly
- Completed reload, in  1.497 seconds
Platform modules already initialized, skipping
Refreshing native plugins compatible for Editor in 0.41 ms, found 0 plugins.
Preloading 0 native plugins for Editor in 0.00 ms.
Unloading 1200 Unused Serialized files (Serialized files now loaded: 0)
System memory in use before: 59.6 MB.
System memory in use after: 59.7 MB.

Unloading 17 unused Assets to reduce memory usage. Loaded Objects now: 1634.
Total: 2.360900 ms (FindLiveObjects: 0.192000 ms CreateObjectMapping: 0.065200 ms MarkObjects: 2.065800 ms  DeleteObjects: 0.035900 ms)

AssetImportWorkerClient::OnTransportError - code=2 error=End of file
