Using pre-set license
Built from '2020.2/release' branch; Version is '2020.2.0f1 (3721df5a8b28) revision 3613151'; Using compiler version '192528614'; Build Type 'Release'
OS: 'Windows 10  (10.0.0) 64bit' Language: 'ru' Physical Memory: 8090 MB
BatchMode: 1, IsHumanControllingUs: 0, StartBugReporterOnCrash: 0, Is64bit: 1, IsPro: 0

 COMMAND LINE ARGUMENTS:
D:\Unityar\2020.2.0f1\Editor\Unity.exe
-adb2
-batchMode
-noUpm
-name
AssetImportWorker0
-projectPath
D:/My directory/UnityGames/HelixJump/HelixJump
-logFile
Logs/AssetImportWorker0.log
-srvPort
50776
Successfully changed project path to: D:/My directory/UnityGames/HelixJump/HelixJump
D:/My directory/UnityGames/HelixJump/HelixJump
Using Asset Import Pipeline V2.
Refreshing native plugins compatible for Editor in 68.62 ms, found 0 plugins.
Preloading 0 native plugins for Editor in 0.00 ms.
Initialize engine version: 2020.2.0f1 (3721df5a8b28)
[Subsystems] Discovering subsystems at path D:/Unityar/2020.2.0f1/Editor/Data/Resources/UnitySubsystems
[Subsystems] Discovering subsystems at path D:/My directory/UnityGames/HelixJump/HelixJump/Assets
GfxDevice: creating device client; threaded=0
Direct3D:
    Version:  Direct3D 11.0 [level 11.0]
    Renderer: NVIDIA GeForce GTX 960M (ID=0x139b)
    Vendor:   
    VRAM:     2010 MB
    Driver:   27.21.14.6089
Initialize mono
Mono path[0] = 'D:/Unityar/2020.2.0f1/Editor/Data/Managed'
Mono path[1] = 'D:/Unityar/2020.2.0f1/Editor/Data/MonoBleedingEdge/lib/mono/unityjit'
Mono config path = 'D:/Unityar/2020.2.0f1/Editor/Data/MonoBleedingEdge/etc'
Using monoOptions --debugger-agent=transport=dt_socket,embedding=1,server=y,suspend=n,address=127.0.0.1:56696
Begin MonoManager ReloadAssembly
Registering precompiled unity dll's ...
Register platform support module: D:/Unityar/2020.2.0f1/Editor/Data/PlaybackEngines/WindowsStandaloneSupport/UnityEditor.WindowsStandalone.Extensions.dll
Register platform support module: D:/Unityar/2020.2.0f1/Editor/Data/PlaybackEngines/LinuxStandaloneSupport/UnityEditor.LinuxStandalone.Extensions.dll
Registered in 0.002800 seconds.
Native extension for LinuxStandalone target not found
Native extension for WindowsStandalone target not found
Refreshing native plugins compatible for Editor in 35.87 ms, found 0 plugins.
Preloading 0 native plugins for Editor in 0.00 ms.
Invoked RoslynAnalysisRunner static constructor.
RoslynAnalysisRunner will not be running.
RoslynAnalysisRunner has terminated.
Mono: successfully reloaded assembly
- Completed reload, in 23.345 seconds
Platform modules already initialized, skipping
Registering precompiled user dll's ...
Registered in 0.000896 seconds.
Begin MonoManager ReloadAssembly
Native extension for LinuxStandalone target not found
Native extension for WindowsStandalone target not found
Refreshing native plugins compatible for Editor in 0.34 ms, found 0 plugins.
Preloading 0 native plugins for Editor in 0.00 ms.
Invoked RoslynAnalysisRunner static constructor.
RoslynAnalysisRunner will not be running.
RoslynAnalysisRunner has terminated.
Mono: successfully reloaded assembly
- Completed reload, in  1.246 seconds
Platform modules already initialized, skipping
========================================================================
Worker process is ready to serve import requests
Launched and connected shader compiler UnityShaderCompiler.exe after 0.14 seconds
Refreshing native plugins compatible for Editor in 0.40 ms, found 0 plugins.
Preloading 0 native plugins for Editor in 0.00 ms.
Unloading 1193 Unused Serialized files (Serialized files now loaded: 0)
System memory in use before: 58.7 MB.
System memory in use after: 58.7 MB.

Unloading 22 unused Assets to reduce memory usage. Loaded Objects now: 1620.
Total: 2.150600 ms (FindLiveObjects: 0.172200 ms CreateObjectMapping: 0.048600 ms MarkObjects: 1.862300 ms  DeleteObjects: 0.065800 ms)

========================================================================
Received Import Request.
  path: Assets
  artifactKey: Guid(00000000000000001000000000000000) Importer(815301076,1909f56bfc062723c751e8b465ee728b)
Start importing Assets using Guid(00000000000000001000000000000000) Importer(815301076,1909f56bfc062723c751e8b465ee728b)  -> (artifact id: 'b41cfa13f056e58f64cf5f3363de7353') in 0.048841 seconds
  Import took 0.051989 seconds .

========================================================================
Received Prepare
Registering precompiled user dll's ...
Registered in 0.000847 seconds.
Begin MonoManager ReloadAssembly
Native extension for LinuxStandalone target not found
Native extension for WindowsStandalone target not found
Refreshing native plugins compatible for Editor in 0.35 ms, found 0 plugins.
Preloading 0 native plugins for Editor in 0.00 ms.
Invoked RoslynAnalysisRunner static constructor.
RoslynAnalysisRunner will not be running.
RoslynAnalysisRunner has terminated.
Mono: successfully reloaded assembly
- Completed reload, in  1.185 seconds
Platform modules already initialized, skipping
Refreshing native plugins compatible for Editor in 0.40 ms, found 0 plugins.
Preloading 0 native plugins for Editor in 0.00 ms.
Unloading 1187 Unused Serialized files (Serialized files now loaded: 0)
System memory in use before: 58.6 MB.
System memory in use after: 58.7 MB.

Unloading 17 unused Assets to reduce memory usage. Loaded Objects now: 1622.
Total: 1.941000 ms (FindLiveObjects: 0.183500 ms CreateObjectMapping: 0.049100 ms MarkObjects: 1.668900 ms  DeleteObjects: 0.038300 ms)

========================================================================
Received Import Request.
  Time since last request: 667.414439 seconds.
  path: Assets/60degrees.fbx
  artifactKey: Guid(07b081d39ecd1bb4ebc1b8a9cc2b556f) Importer(815301076,1909f56bfc062723c751e8b465ee728b)
Start importing Assets/60degrees.fbx using Guid(07b081d39ecd1bb4ebc1b8a9cc2b556f) Importer(815301076,1909f56bfc062723c751e8b465ee728b)  -> (artifact id: '9089561b0ac6077c64bcb60880881983') in 3.258193 seconds
  Import took 3.279802 seconds .

========================================================================
Received Import Request.
  Time since last request: 0.004644 seconds.
  path: Assets/90degrees.fbx
  artifactKey: Guid(695e309f8102ef64786cc1fce30d7783) Importer(815301076,1909f56bfc062723c751e8b465ee728b)
Start importing Assets/90degrees.fbx using Guid(695e309f8102ef64786cc1fce30d7783) Importer(815301076,1909f56bfc062723c751e8b465ee728b)  -> (artifact id: 'eaacbef84cfbe03585bdb491f94519a2') in 0.050403 seconds
  Import took 0.053930 seconds .

========================================================================
Received Import Request.
  Time since last request: 0.037183 seconds.
  path: Assets/90degrees.fbx
  artifactKey: Guid(695e309f8102ef64786cc1fce30d7783) Importer(815301076,1909f56bfc062723c751e8b465ee728b)
Start importing Assets/90degrees.fbx using Guid(695e309f8102ef64786cc1fce30d7783) Importer(815301076,1909f56bfc062723c751e8b465ee728b)  -> (artifact id: 'eaacbef84cfbe03585bdb491f94519a2') in 0.017178 seconds
  Import took 0.021594 seconds .

========================================================================
Received Import Request.
  Time since last request: 13.601479 seconds.
  path: Assets/Models
  artifactKey: Guid(def75529625efd64e9562dbd71fd69ee) Importer(815301076,1909f56bfc062723c751e8b465ee728b)
Start importing Assets/Models using Guid(def75529625efd64e9562dbd71fd69ee) Importer(815301076,1909f56bfc062723c751e8b465ee728b)  -> (artifact id: 'e5a2d2a995a6de2b3bf7edc92b99b520') in 0.002805 seconds
  Import took 0.005412 seconds .

========================================================================
Received Import Request.
  Time since last request: 2.973811 seconds.
  path: Assets/Scenes
  artifactKey: Guid(f7b66c42ee145314083f073e99178630) Importer(815301076,1909f56bfc062723c751e8b465ee728b)
Start importing Assets/Scenes using Guid(f7b66c42ee145314083f073e99178630) Importer(815301076,1909f56bfc062723c751e8b465ee728b)  -> (artifact id: '3e2c4555246816e1e222c7a47df2c123') in 0.002114 seconds
  Import took 0.004570 seconds .

========================================================================
Received Import Request.
  Time since last request: 37.062643 seconds.
  path: Assets/Prefabs
  artifactKey: Guid(f57529cad184b0b4ba10ed0dda1459c4) Importer(815301076,1909f56bfc062723c751e8b465ee728b)
Start importing Assets/Prefabs using Guid(f57529cad184b0b4ba10ed0dda1459c4) Importer(815301076,1909f56bfc062723c751e8b465ee728b)  -> (artifact id: '419fe36863c64c05f5a10f441292be5b') in 0.002086 seconds
  Import took 0.004336 seconds .

========================================================================
Received Import Request.
  Time since last request: 0.002941 seconds.
  path: Assets/Prefabs
  artifactKey: Guid(f57529cad184b0b4ba10ed0dda1459c4) Importer(815301076,1909f56bfc062723c751e8b465ee728b)
Start importing Assets/Prefabs using Guid(f57529cad184b0b4ba10ed0dda1459c4) Importer(815301076,1909f56bfc062723c751e8b465ee728b)  -> (artifact id: '419fe36863c64c05f5a10f441292be5b') in 0.025764 seconds
  Import took 0.028907 seconds .

========================================================================
Received Import Request.
  Time since last request: 5.486921 seconds.
  path: Assets/Prefabs/Cylinder.prefab
  artifactKey: Guid(504a31ac72dc408439be04bb046d5577) Importer(815301076,1909f56bfc062723c751e8b465ee728b)
Start importing Assets/Prefabs/Cylinder.prefab using Guid(504a31ac72dc408439be04bb046d5577) Importer(815301076,1909f56bfc062723c751e8b465ee728b)  -> (artifact id: 'c769c8701b4d8e89ebfffe438ee774b1') in 0.045188 seconds
  Import took 0.048348 seconds .

========================================================================
Received Prepare
Registering precompiled user dll's ...
Registered in 0.001012 seconds.
Begin MonoManager ReloadAssembly
Native extension for LinuxStandalone target not found
Native extension for WindowsStandalone target not found
Refreshing native plugins compatible for Editor in 0.33 ms, found 0 plugins.
Preloading 0 native plugins for Editor in 0.00 ms.
Invoked RoslynAnalysisRunner static constructor.
RoslynAnalysisRunner will not be running.
RoslynAnalysisRunner has terminated.
Mono: successfully reloaded assembly
- Completed reload, in  1.323 seconds
Platform modules already initialized, skipping
Refreshing native plugins compatible for Editor in 0.45 ms, found 0 plugins.
Preloading 0 native plugins for Editor in 0.00 ms.
Unloading 1187 Unused Serialized files (Serialized files now loaded: 0)
System memory in use before: 62.7 MB.
System memory in use after: 62.8 MB.

Unloading 18 unused Assets to reduce memory usage. Loaded Objects now: 1670.
Total: 2.285600 ms (FindLiveObjects: 0.279900 ms CreateObjectMapping: 0.044200 ms MarkObjects: 1.926300 ms  DeleteObjects: 0.033400 ms)

